<?xml version="1.0" encoding="UTF-8"?>
<robot generator="Robot 4.1.2 (Python 3.10.0 on darwin)" generated="20211207 11:35:41.464" rpa="false" schemaversion="2">
<suite id="s1" name="PetStoreAPI" source="/Users/juan.torre/SpriteCloud/Tests/PetStore/PetStoreAPI.robot">
<test id="s1-t1" name="TC_01 Add a New Pet">
<kw name="Create Session" library="RequestsLibrary">
<arg>PetStore_API</arg>
<arg>${base_endpoint}</arg>
<doc>Create Session: create a HTTP session to a server</doc>
<msg timestamp="20211207 11:35:41.614" level="INFO">Creating Session using : alias=PetStore_API, url=http://petstore.swagger.io/v2, headers={},                     cookies={}, auth=None, timeout=None, proxies=None, verify=False,                     debug=0 </msg>
<status status="PASS" starttime="20211207 11:35:41.614" endtime="20211207 11:35:41.615"/>
</kw>
<kw name="GET On Session" library="RequestsLibrary">
<var>${get_inventory}</var>
<arg>PetStore_API</arg>
<arg>${store_endpoint}/${inventory_endpoint}</arg>
<doc>Sends a GET request on a previously created HTTP Session.</doc>
<msg timestamp="20211207 11:35:42.088" level="INFO">GET Request : url=http://petstore.swagger.io/v2/store/inventory (redirected) 
 path_url=/v2/store/inventory 
 headers={'User-Agent': 'python-requests/2.26.0', 'Accept-Encoding': 'gzip, deflate', 'Accept': '*/*', 'Connection': 'keep-alive'} 
 body=None 
 </msg>
<msg timestamp="20211207 11:35:42.089" level="INFO">GET Response : url=https://petstore.swagger.io:443/v2/store/inventory 
 status=200, reason=OK 
 headers={'Date': 'Tue, 07 Dec 2021 17:35:42 GMT', 'Content-Type': 'application/json', 'Transfer-Encoding': 'chunked', 'Connection': 'keep-alive', 'Access-Control-Allow-Origin': '*', 'Access-Control-Allow-Methods': 'GET, POST, DELETE, PUT', 'Access-Control-Allow-Headers': 'Content-Type, api_key, Authorization', 'Server': 'Jetty(9.2.9.v20150224)'} 
 body={"totvs":1,"sold":8,"TestListPetTestStatusCloudNew":1,"string":27,"Nonavailable":1,"pending":12,"available":201,"Excepteur esse ":1,"active":1,"AddPetTestStatus":1,"Sold":1,"teststa5":725,"not matter":1,"connector_up":1,"not available":1,"Available":1,"free":1,"velit ut culpa a":1} 
 </msg>
<msg timestamp="20211207 11:35:42.089" level="INFO">/Library/Frameworks/Python.framework/Versions/3.10/lib/python3.10/site-packages/urllib3/connectionpool.py:1013: InsecureRequestWarning: Unverified HTTPS request is being made to host 'petstore.swagger.io'. Adding certificate verification is strongly advised. See: https://urllib3.readthedocs.io/en/1.26.x/advanced-usage.html#ssl-warnings
  warnings.warn(</msg>
<msg timestamp="20211207 11:35:42.089" level="INFO">${get_inventory} = &lt;Response [200]&gt;</msg>
<status status="PASS" starttime="20211207 11:35:41.615" endtime="20211207 11:35:42.089"/>
</kw>
<kw name="Convert To String" library="BuiltIn">
<var>${inventory_response}</var>
<arg>${get_inventory.status_code}</arg>
<doc>Converts the given item to a Unicode string.</doc>
<msg timestamp="20211207 11:35:42.090" level="INFO">${inventory_response} = 200</msg>
<status status="PASS" starttime="20211207 11:35:42.089" endtime="20211207 11:35:42.091"/>
</kw>
<kw name="Should Be Equal" library="BuiltIn">
<arg>${inventory_response}</arg>
<arg>${200_response}</arg>
<doc>Fails if the given objects are unequal.</doc>
<status status="PASS" starttime="20211207 11:35:42.091" endtime="20211207 11:35:42.091"/>
</kw>
<status status="PASS" starttime="20211207 11:35:41.613" endtime="20211207 11:35:42.091"/>
</test>
<test id="s1-t2" name="TC_02 Update Existent Pet Data">
<kw name="Create Session" library="RequestsLibrary">
<arg>PetStore_API</arg>
<arg>${base_endpoint}</arg>
<doc>Create Session: create a HTTP session to a server</doc>
<msg timestamp="20211207 11:35:42.092" level="INFO">Creating Session using : alias=PetStore_API, url=http://petstore.swagger.io/v2, headers={},                     cookies={}, auth=None, timeout=None, proxies=None, verify=False,                     debug=0 </msg>
<status status="PASS" starttime="20211207 11:35:42.092" endtime="20211207 11:35:42.093"/>
</kw>
<kw name="POST On Session" library="RequestsLibrary">
<var>${pet_response}</var>
<arg>PetStore_API</arg>
<arg>${pet_endpoint}/${existent_id}</arg>
<arg>${secondpetname}</arg>
<arg>${secondpet_status}</arg>
<doc>Sends a POST request on a previously created HTTP Session.</doc>
<msg timestamp="20211207 11:35:42.512" level="INFO">POST Request : url=http://petstore.swagger.io/v2/pet/123456789 (redirected) 
 path_url=/v2/pet/123456789 
 headers={'User-Agent': 'python-requests/2.26.0', 'Accept-Encoding': 'gzip, deflate', 'Accept': '*/*', 'Connection': 'keep-alive', 'Content-Length': '5'} 
 body=Rocky 
 </msg>
<msg timestamp="20211207 11:35:42.512" level="INFO">GET Response : url=https://petstore.swagger.io:443/v2/pet/123456789 
 status=404, reason=Not Found 
 headers={'Date': 'Tue, 07 Dec 2021 17:35:42 GMT', 'Content-Type': 'application/json', 'Transfer-Encoding': 'chunked', 'Connection': 'keep-alive', 'Access-Control-Allow-Origin': '*', 'Access-Control-Allow-Methods': 'GET, POST, DELETE, PUT', 'Access-Control-Allow-Headers': 'Content-Type, api_key, Authorization', 'Server': 'Jetty(9.2.9.v20150224)'} 
 body={"code":1,"type":"error","message":"Pet not found"} 
 </msg>
<msg timestamp="20211207 11:35:42.512" level="INFO">/Library/Frameworks/Python.framework/Versions/3.10/lib/python3.10/site-packages/urllib3/connectionpool.py:1013: InsecureRequestWarning: Unverified HTTPS request is being made to host 'petstore.swagger.io'. Adding certificate verification is strongly advised. See: https://urllib3.readthedocs.io/en/1.26.x/advanced-usage.html#ssl-warnings
  warnings.warn(</msg>
<msg timestamp="20211207 11:35:42.514" level="FAIL">HTTPError: 404 Client Error: Not Found for url: https://petstore.swagger.io:443/v2/pet/123456789</msg>
<status status="FAIL" starttime="20211207 11:35:42.093" endtime="20211207 11:35:42.514"/>
</kw>
<kw name="Log To Console" library="BuiltIn">
<arg>${pet_response.content}</arg>
<doc>Logs the given message to the console.</doc>
<status status="NOT RUN" starttime="20211207 11:35:42.515" endtime="20211207 11:35:42.515"/>
</kw>
<status status="FAIL" starttime="20211207 11:35:42.092" endtime="20211207 11:35:42.515">HTTPError: 404 Client Error: Not Found for url: https://petstore.swagger.io:443/v2/pet/123456789</status>
</test>
<test id="s1-t3" name="TC_03 Get Pet by ID and Validate it was updated">
<kw name="Create Session" library="RequestsLibrary">
<arg>PetStore_API</arg>
<arg>${base_endpoint}</arg>
<doc>Create Session: create a HTTP session to a server</doc>
<msg timestamp="20211207 11:35:42.516" level="INFO">Creating Session using : alias=PetStore_API, url=http://petstore.swagger.io/v2, headers={},                     cookies={}, auth=None, timeout=None, proxies=None, verify=False,                     debug=0 </msg>
<status status="PASS" starttime="20211207 11:35:42.516" endtime="20211207 11:35:42.516"/>
</kw>
<kw name="GET On Session" library="RequestsLibrary">
<var>${get_id}</var>
<arg>PetStore_API</arg>
<arg>${pet_endpoint}/${existent_id}</arg>
<doc>Sends a GET request on a previously created HTTP Session.</doc>
<msg timestamp="20211207 11:35:42.991" level="INFO">GET Request : url=http://petstore.swagger.io/v2/pet/123456789 (redirected) 
 path_url=/v2/pet/123456789 
 headers={'User-Agent': 'python-requests/2.26.0', 'Accept-Encoding': 'gzip, deflate', 'Accept': '*/*', 'Connection': 'keep-alive'} 
 body=None 
 </msg>
<msg timestamp="20211207 11:35:42.991" level="INFO">GET Response : url=https://petstore.swagger.io:443/v2/pet/123456789 
 status=200, reason=OK 
 headers={'Date': 'Tue, 07 Dec 2021 17:35:43 GMT', 'Content-Type': 'application/json', 'Transfer-Encoding': 'chunked', 'Connection': 'keep-alive', 'Access-Control-Allow-Origin': '*', 'Access-Control-Allow-Methods': 'GET, POST, DELETE, PUT', 'Access-Control-Allow-Headers': 'Content-Type, api_key, Authorization', 'Server': 'Jetty(9.2.9.v20150224)'} 
 body={"id":123456789,"category":{"id":0,"name":"dog"},"name":"Rocky","photoUrls":["string"],"tags":[{"id":0,"name":"string"}],"status":"sold"} 
 </msg>
<msg timestamp="20211207 11:35:42.991" level="INFO">/Library/Frameworks/Python.framework/Versions/3.10/lib/python3.10/site-packages/urllib3/connectionpool.py:1013: InsecureRequestWarning: Unverified HTTPS request is being made to host 'petstore.swagger.io'. Adding certificate verification is strongly advised. See: https://urllib3.readthedocs.io/en/1.26.x/advanced-usage.html#ssl-warnings
  warnings.warn(</msg>
<msg timestamp="20211207 11:35:42.991" level="INFO">${get_id} = &lt;Response [200]&gt;</msg>
<status status="PASS" starttime="20211207 11:35:42.516" endtime="20211207 11:35:42.991"/>
</kw>
<kw name="Convert To String" library="BuiltIn">
<var>${response_code}</var>
<arg>${get_id.status_code}</arg>
<doc>Converts the given item to a Unicode string.</doc>
<msg timestamp="20211207 11:35:42.993" level="INFO">${response_code} = 200</msg>
<status status="PASS" starttime="20211207 11:35:42.991" endtime="20211207 11:35:42.993"/>
</kw>
<kw name="Should Be Equal" library="BuiltIn">
<arg>${response code}</arg>
<arg>${200_response}</arg>
<doc>Fails if the given objects are unequal.</doc>
<status status="PASS" starttime="20211207 11:35:42.993" endtime="20211207 11:35:42.993"/>
</kw>
<kw name="Convert To String" library="BuiltIn">
<var>${json_response}</var>
<arg>${get_id.json()}</arg>
<doc>Converts the given item to a Unicode string.</doc>
<msg timestamp="20211207 11:35:42.995" level="INFO">${json_response} = {'id': 123456789, 'category': {'id': 0, 'name': 'dog'}, 'name': 'Rocky', 'photoUrls': ['string'], 'tags': [{'id': 0, 'name': 'string'}], 'status': 'sold'}</msg>
<status status="PASS" starttime="20211207 11:35:42.993" endtime="20211207 11:35:42.995"/>
</kw>
<kw name="Should Not Be Equal" library="BuiltIn">
<arg>${json_response}</arg>
<arg>${new_pet}</arg>
<doc>Fails if the given objects are equal.</doc>
<status status="PASS" starttime="20211207 11:35:42.995" endtime="20211207 11:35:42.995"/>
</kw>
<status status="PASS" starttime="20211207 11:35:42.515" endtime="20211207 11:35:42.995"/>
</test>
<status status="FAIL" starttime="20211207 11:35:41.466" endtime="20211207 11:35:42.996"/>
</suite>
<statistics>
<total>
<stat pass="2" fail="1" skip="0">All Tests</stat>
</total>
<tag>
</tag>
<suite>
<stat pass="2" fail="1" skip="0" id="s1" name="PetStoreAPI">PetStoreAPI</stat>
</suite>
</statistics>
<errors>
</errors>
</robot>
